<?xml version="1.0" encoding="UTF-8"?>
<!-- Generated by org.testng.reporters.JUnitReportReporter -->
<testsuite skipped="0" hostname="DELL-PC" name="basicSelenium.BrowserOptions" tests="1" failures="0" timestamp="25 Jun 2020 10:27:09 GMT" time="14.253" errors="0">
  <testcase name="incognitoMode" time="14.253" classname="basicSelenium.BrowserOptions"/>
</testsuite> <!-- basicSelenium.BrowserOptions -->
