<?xml version="1.0" encoding="UTF-8"?>
<!-- Generated by org.testng.reporters.JUnitReportReporter -->
<testsuite skipped="0" hostname="DELL-PC" name="TestNGPac.NewTest" tests="4" failures="0" timestamp="12 Jan 2019 16:46:21 GMT" time="0.040" errors="0">
  <testcase name="test4" time="0.010" classname="TestNGPac.NewTest"/>
  <testcase name="test3" time="0.010" classname="TestNGPac.NewTest"/>
  <testcase name="test1" time="0.010" classname="TestNGPac.NewTest"/>
  <testcase name="test2" time="0.010" classname="TestNGPac.NewTest"/>
</testsuite> <!-- TestNGPac.NewTest -->
